{"C:\\Users\\user\\Desktop\\Proyectos REACT\\Fullstack-node-express-postgresql-typescript-react\\Server\\src\\router.ts": {"path":"C:\\Users\\user\\Desktop\\Proyectos REACT\\Fullstack-node-express-postgresql-typescript-react\\Server\\src\\router.ts","statementMap":{"0":{"start":{"line":1,"column":0},"end":{"line":1,"column":33}},"1":{"start":{"line":2,"column":0},"end":{"line":2,"column":52}},"2":{"start":{"line":3,"column":0},"end":{"line":3,"column":48}},"3":{"start":{"line":5,"column":0},"end":{"line":5,"column":49}},"4":{"start":{"line":7,"column":24},"end":{"line":7,"column":32}},"5":{"start":{"line":55,"column":0},"end":{"line":57,"column":null}},"6":{"start":{"line":93,"column":0},"end":{"line":104,"column":null}},"7":{"start":{"line":100,"column":27},"end":{"line":100,"column":36}},"8":{"start":{"line":137,"column":0},"end":{"line":146,"column":null}},"9":{"start":{"line":142,"column":27},"end":{"line":142,"column":36}},"10":{"start":{"line":191,"column":0},"end":{"line":207,"column":null}},"11":{"start":{"line":195,"column":27},"end":{"line":195,"column":36}},"12":{"start":{"line":201,"column":27},"end":{"line":201,"column":36}},"13":{"start":{"line":225,"column":0},"end":{"line":233,"column":null}},"14":{"start":{"line":229,"column":27},"end":{"line":229,"column":36}},"15":{"start":{"line":235,"column":0},"end":{"line":244,"column":null}},"16":{"start":{"line":240,"column":27},"end":{"line":240,"column":36}},"17":{"start":{"line":247,"column":0},"end":{"line":247,"column":null}}},"fnMap":{"0":{"name":"(anonymous_0)","decl":{"start":{"line":100,"column":16},"end":{"line":100,"column":17}},"loc":{"start":{"line":100,"column":27},"end":{"line":100,"column":36}}},"1":{"name":"(anonymous_1)","decl":{"start":{"line":142,"column":16},"end":{"line":142,"column":17}},"loc":{"start":{"line":142,"column":27},"end":{"line":142,"column":36}}},"2":{"name":"(anonymous_2)","decl":{"start":{"line":195,"column":16},"end":{"line":195,"column":17}},"loc":{"start":{"line":195,"column":27},"end":{"line":195,"column":36}}},"3":{"name":"(anonymous_3)","decl":{"start":{"line":201,"column":16},"end":{"line":201,"column":17}},"loc":{"start":{"line":201,"column":27},"end":{"line":201,"column":36}}},"4":{"name":"(anonymous_4)","decl":{"start":{"line":229,"column":16},"end":{"line":229,"column":17}},"loc":{"start":{"line":229,"column":27},"end":{"line":229,"column":36}}},"5":{"name":"(anonymous_5)","decl":{"start":{"line":240,"column":16},"end":{"line":240,"column":17}},"loc":{"start":{"line":240,"column":27},"end":{"line":240,"column":36}}}},"branchMap":{},"s":{"0":2,"1":2,"2":2,"3":2,"4":2,"5":2,"6":2,"7":3,"8":2,"9":5,"10":2,"11":5,"12":5,"13":2,"14":2,"15":2,"16":3,"17":2},"f":{"0":3,"1":5,"2":5,"3":5,"4":2,"5":3},"b":{}}
,"C:\\Users\\user\\Desktop\\Proyectos REACT\\Fullstack-node-express-postgresql-typescript-react\\Server\\src\\server.ts": {"path":"C:\\Users\\user\\Desktop\\Proyectos REACT\\Fullstack-node-express-postgresql-typescript-react\\Server\\src\\server.ts","statementMap":{"0":{"start":{"line":1,"column":0},"end":{"line":1,"column":31}},"1":{"start":{"line":2,"column":0},"end":{"line":2,"column":30}},"2":{"start":{"line":3,"column":0},"end":{"line":3,"column":42}},"3":{"start":{"line":4,"column":0},"end":{"line":4,"column":43}},"4":{"start":{"line":5,"column":0},"end":{"line":5,"column":39}},"5":{"start":{"line":6,"column":0},"end":{"line":6,"column":29}},"6":{"start":{"line":10,"column":4},"end":{"line":17,"column":5}},"7":{"start":{"line":11,"column":8},"end":{"line":11,"column":null}},"8":{"start":{"line":12,"column":8},"end":{"line":12,"column":null}},"9":{"start":{"line":16,"column":8},"end":{"line":16,"column":null}},"10":{"start":{"line":21,"column":0},"end":{"line":21,"column":null}},"11":{"start":{"line":24,"column":15},"end":{"line":24,"column":24}},"12":{"start":{"line":27,"column":0},"end":{"line":27,"column":null}},"13":{"start":{"line":31,"column":0},"end":{"line":31,"column":null}},"14":{"start":{"line":35,"column":0},"end":{"line":35,"column":null}},"15":{"start":{"line":37,"column":0},"end":{"line":39,"column":null}},"16":{"start":{"line":38,"column":4},"end":{"line":38,"column":null}},"17":{"start":{"line":41,"column":0},"end":{"line":41,"column":null}}},"fnMap":{"0":{"name":"conectdb","decl":{"start":{"line":8,"column":15},"end":{"line":8,"column":23}},"loc":{"start":{"line":8,"column":23},"end":{"line":19,"column":1}}},"1":{"name":"(anonymous_2)","decl":{"start":{"line":37,"column":19},"end":{"line":37,"column":20}},"loc":{"start":{"line":37,"column":31},"end":{"line":39,"column":1}}}},"branchMap":{},"s":{"0":2,"1":2,"2":2,"3":2,"4":2,"5":2,"6":2,"7":2,"8":1,"9":0,"10":2,"11":2,"12":2,"13":2,"14":2,"15":2,"16":1,"17":2},"f":{"0":2,"1":1},"b":{}}
,"C:\\Users\\user\\Desktop\\Proyectos REACT\\Fullstack-node-express-postgresql-typescript-react\\Server\\src\\config\\db.ts": {"path":"C:\\Users\\user\\Desktop\\Proyectos REACT\\Fullstack-node-express-postgresql-typescript-react\\Server\\src\\config\\db.ts","statementMap":{"0":{"start":{"line":1,"column":0},"end":{"line":1,"column":49}},"1":{"start":{"line":2,"column":0},"end":{"line":2,"column":27}},"2":{"start":{"line":3,"column":0},"end":{"line":3,"column":null}},"3":{"start":{"line":5,"column":11},"end":{"line":8,"column":2}},"4":{"start":{"line":10,"column":0},"end":{"line":10,"column":null}}},"fnMap":{},"branchMap":{},"s":{"0":2,"1":2,"2":2,"3":2,"4":2},"f":{},"b":{}}
,"C:\\Users\\user\\Desktop\\Proyectos REACT\\Fullstack-node-express-postgresql-typescript-react\\Server\\src\\config\\swagger.ts": {"path":"C:\\Users\\user\\Desktop\\Proyectos REACT\\Fullstack-node-express-postgresql-typescript-react\\Server\\src\\config\\swagger.ts","statementMap":{"0":{"start":{"line":2,"column":0},"end":{"line":2,"column":41}},"1":{"start":{"line":4,"column":39},"end":{"line":21,"column":null}},"2":{"start":{"line":23,"column":20},"end":{"line":23,"column":41}},"3":{"start":{"line":24,"column":0},"end":{"line":24,"column":null}}},"fnMap":{},"branchMap":{},"s":{"0":2,"1":2,"2":2,"3":2},"f":{},"b":{}}
,"C:\\Users\\user\\Desktop\\Proyectos REACT\\Fullstack-node-express-postgresql-typescript-react\\Server\\src\\handlers\\product.ts": {"path":"C:\\Users\\user\\Desktop\\Proyectos REACT\\Fullstack-node-express-postgresql-typescript-react\\Server\\src\\handlers\\product.ts","statementMap":{"0":{"start":{"line":2,"column":0},"end":{"line":2,"column":45}},"1":{"start":{"line":6,"column":13},"end":{"line":111,"column":null}},"2":{"start":{"line":10,"column":8},"end":{"line":15,"column":9}},"3":{"start":{"line":11,"column":28},"end":{"line":11,"column":58}},"4":{"start":{"line":12,"column":12},"end":{"line":12,"column":null}},"5":{"start":{"line":14,"column":12},"end":{"line":14,"column":null}},"6":{"start":{"line":21,"column":8},"end":{"line":30,"column":9}},"7":{"start":{"line":22,"column":29},"end":{"line":26,"column":14}},"8":{"start":{"line":27,"column":12},"end":{"line":27,"column":null}},"9":{"start":{"line":29,"column":12},"end":{"line":29,"column":null}},"10":{"start":{"line":36,"column":8},"end":{"line":49,"column":9}},"11":{"start":{"line":37,"column":29},"end":{"line":40,"column":14}},"12":{"start":{"line":42,"column":12},"end":{"line":46,"column":13}},"13":{"start":{"line":43,"column":16},"end":{"line":43,"column":null}},"14":{"start":{"line":45,"column":16},"end":{"line":45,"column":null}},"15":{"start":{"line":48,"column":12},"end":{"line":48,"column":null}},"16":{"start":{"line":54,"column":8},"end":{"line":67,"column":9}},"17":{"start":{"line":56,"column":28},"end":{"line":56,"column":65}},"18":{"start":{"line":58,"column":12},"end":{"line":64,"column":13}},"19":{"start":{"line":59,"column":16},"end":{"line":59,"column":null}},"20":{"start":{"line":62,"column":16},"end":{"line":62,"column":null}},"21":{"start":{"line":63,"column":16},"end":{"line":63,"column":null}},"22":{"start":{"line":66,"column":12},"end":{"line":66,"column":null}},"23":{"start":{"line":71,"column":8},"end":{"line":86,"column":9}},"24":{"start":{"line":73,"column":28},"end":{"line":73,"column":65}},"25":{"start":{"line":75,"column":12},"end":{"line":83,"column":13}},"26":{"start":{"line":76,"column":16},"end":{"line":76,"column":null}},"27":{"start":{"line":79,"column":16},"end":{"line":79,"column":null}},"28":{"start":{"line":81,"column":16},"end":{"line":81,"column":null}},"29":{"start":{"line":82,"column":16},"end":{"line":82,"column":null}},"30":{"start":{"line":85,"column":12},"end":{"line":85,"column":null}},"31":{"start":{"line":91,"column":8},"end":{"line":107,"column":9}},"32":{"start":{"line":93,"column":28},"end":{"line":93,"column":65}},"33":{"start":{"line":95,"column":12},"end":{"line":104,"column":13}},"34":{"start":{"line":96,"column":16},"end":{"line":96,"column":null}},"35":{"start":{"line":100,"column":16},"end":{"line":100,"column":null}},"36":{"start":{"line":102,"column":16},"end":{"line":102,"column":null}},"37":{"start":{"line":103,"column":16},"end":{"line":103,"column":null}},"38":{"start":{"line":106,"column":12},"end":{"line":106,"column":null}}},"fnMap":{"0":{"name":"(anonymous_1)","decl":{"start":{"line":8,"column":20},"end":{"line":8,"column":25}},"loc":{"start":{"line":8,"column":60},"end":{"line":17,"column":5}}},"1":{"name":"(anonymous_2)","decl":{"start":{"line":19,"column":18},"end":{"line":19,"column":23}},"loc":{"start":{"line":19,"column":58},"end":{"line":32,"column":5}}},"2":{"name":"(anonymous_3)","decl":{"start":{"line":34,"column":21},"end":{"line":34,"column":26}},"loc":{"start":{"line":34,"column":61},"end":{"line":51,"column":5}}},"3":{"name":"(anonymous_4)","decl":{"start":{"line":53,"column":24},"end":{"line":53,"column":29}},"loc":{"start":{"line":53,"column":64},"end":{"line":68,"column":5}}},"4":{"name":"(anonymous_5)","decl":{"start":{"line":70,"column":24},"end":{"line":70,"column":29}},"loc":{"start":{"line":70,"column":64},"end":{"line":88,"column":5}}},"5":{"name":"(anonymous_6)","decl":{"start":{"line":90,"column":25},"end":{"line":90,"column":30}},"loc":{"start":{"line":90,"column":65},"end":{"line":108,"column":5}}}},"branchMap":{"0":{"loc":{"start":{"line":42,"column":12},"end":{"line":46,"column":13}},"type":"if","locations":[{"start":{"line":42,"column":12},"end":{"line":46,"column":13}},{"start":{"line":44,"column":17},"end":{"line":46,"column":13}}]},"1":{"loc":{"start":{"line":58,"column":12},"end":{"line":64,"column":13}},"type":"if","locations":[{"start":{"line":58,"column":12},"end":{"line":64,"column":13}},{"start":{"line":60,"column":17},"end":{"line":64,"column":13}}]},"2":{"loc":{"start":{"line":75,"column":12},"end":{"line":83,"column":13}},"type":"if","locations":[{"start":{"line":75,"column":12},"end":{"line":83,"column":13}},{"start":{"line":77,"column":17},"end":{"line":83,"column":13}}]},"3":{"loc":{"start":{"line":95,"column":12},"end":{"line":104,"column":13}},"type":"if","locations":[{"start":{"line":95,"column":12},"end":{"line":104,"column":13}},{"start":{"line":97,"column":17},"end":{"line":104,"column":13}}]}},"s":{"0":2,"1":2,"2":1,"3":1,"4":1,"5":0,"6":2,"7":2,"8":2,"9":0,"10":2,"11":2,"12":2,"13":1,"14":1,"15":0,"16":2,"17":2,"18":2,"19":1,"20":1,"21":1,"22":0,"23":2,"24":2,"25":2,"26":1,"27":1,"28":1,"29":1,"30":0,"31":2,"32":2,"33":2,"34":1,"35":1,"36":1,"37":1,"38":0},"f":{"0":1,"1":2,"2":2,"3":2,"4":2,"5":2},"b":{"0":[1,1],"1":[1,1],"2":[1,1],"3":[1,1]}}
,"C:\\Users\\user\\Desktop\\Proyectos REACT\\Fullstack-node-express-postgresql-typescript-react\\Server\\src\\middleware\\index.ts": {"path":"C:\\Users\\user\\Desktop\\Proyectos REACT\\Fullstack-node-express-postgresql-typescript-react\\Server\\src\\middleware\\index.ts","statementMap":{"0":{"start":{"line":2,"column":0},"end":{"line":2,"column":52}},"1":{"start":{"line":4,"column":33},"end":{"line":14,"column":1}},"2":{"start":{"line":6,"column":17},"end":{"line":6,"column":38}},"3":{"start":{"line":7,"column":4},"end":{"line":10,"column":5}},"4":{"start":{"line":9,"column":8},"end":{"line":9,"column":null}},"5":{"start":{"line":13,"column":4},"end":{"line":13,"column":null}},"6":{"start":{"line":4,"column":13},"end":{"line":4,"column":33}}},"fnMap":{"0":{"name":"(anonymous_0)","decl":{"start":{"line":4,"column":33},"end":{"line":4,"column":34}},"loc":{"start":{"line":4,"column":88},"end":{"line":14,"column":1}}}},"branchMap":{"0":{"loc":{"start":{"line":7,"column":4},"end":{"line":10,"column":5}},"type":"if","locations":[{"start":{"line":7,"column":4},"end":{"line":10,"column":5}}]}},"s":{"0":2,"1":2,"2":18,"3":18,"4":9,"5":9,"6":2},"f":{"0":18},"b":{"0":[9]}}
,"C:\\Users\\user\\Desktop\\Proyectos REACT\\Fullstack-node-express-postgresql-typescript-react\\Server\\src\\models\\Product.model.ts": {"path":"C:\\Users\\user\\Desktop\\Proyectos REACT\\Fullstack-node-express-postgresql-typescript-react\\Server\\src\\models\\Product.model.ts","statementMap":{"0":{"start":{"line":2,"column":0},"end":{"line":2,"column":79}},"1":{"start":{"line":8,"column":0},"end":{"line":24,"column":null}},"2":{"start":{"line":12,"column":12},"end":{"line":12,"column":null}},"3":{"start":{"line":17,"column":12},"end":{"line":17,"column":null}},"4":{"start":{"line":23,"column":12},"end":{"line":23,"column":null}},"5":{"start":{"line":8,"column":6},"end":{"line":24,"column":null}},"6":{"start":{"line":26,"column":0},"end":{"line":26,"column":null}}},"fnMap":{},"branchMap":{},"s":{"0":2,"1":2,"2":2,"3":2,"4":2,"5":2,"6":2},"f":{},"b":{}}
}
