TN:
SF:src\router.ts
FN:100,(anonymous_0)
FN:142,(anonymous_1)
FN:195,(anonymous_2)
FN:201,(anonymous_3)
FN:229,(anonymous_4)
FN:240,(anonymous_5)
FNF:6
FNH:6
FNDA:3,(anonymous_0)
FNDA:5,(anonymous_1)
FNDA:5,(anonymous_2)
FNDA:5,(anonymous_3)
FNDA:2,(anonymous_4)
FNDA:3,(anonymous_5)
DA:1,2
DA:2,2
DA:3,2
DA:5,2
DA:7,2
DA:55,2
DA:93,2
DA:100,3
DA:137,2
DA:142,5
DA:191,2
DA:195,5
DA:201,5
DA:225,2
DA:229,2
DA:235,2
DA:240,3
DA:247,2
LF:18
LH:18
BRF:0
BRH:0
end_of_record
TN:
SF:src\server.ts
FN:8,conectdb
FN:37,(anonymous_2)
FNF:2
FNH:2
FNDA:2,conectdb
FNDA:1,(anonymous_2)
DA:1,2
DA:2,2
DA:3,2
DA:4,2
DA:5,2
DA:6,2
DA:10,2
DA:11,2
DA:12,1
DA:16,0
DA:21,2
DA:24,2
DA:27,2
DA:31,2
DA:35,2
DA:37,2
DA:38,1
DA:41,2
LF:18
LH:17
BRF:0
BRH:0
end_of_record
TN:
SF:src\config\db.ts
FNF:0
FNH:0
DA:1,2
DA:2,2
DA:3,2
DA:5,2
DA:10,2
LF:5
LH:5
BRF:0
BRH:0
end_of_record
TN:
SF:src\config\swagger.ts
FNF:0
FNH:0
DA:2,2
DA:4,2
DA:23,2
DA:24,2
LF:4
LH:4
BRF:0
BRH:0
end_of_record
TN:
SF:src\handlers\product.ts
FN:8,(anonymous_1)
FN:19,(anonymous_2)
FN:34,(anonymous_3)
FN:53,(anonymous_4)
FN:70,(anonymous_5)
FN:90,(anonymous_6)
FNF:6
FNH:6
FNDA:1,(anonymous_1)
FNDA:2,(anonymous_2)
FNDA:2,(anonymous_3)
FNDA:2,(anonymous_4)
FNDA:2,(anonymous_5)
FNDA:2,(anonymous_6)
DA:2,2
DA:6,2
DA:10,1
DA:11,1
DA:12,1
DA:14,0
DA:21,2
DA:22,2
DA:27,2
DA:29,0
DA:36,2
DA:37,2
DA:42,2
DA:43,1
DA:45,1
DA:48,0
DA:54,2
DA:56,2
DA:58,2
DA:59,1
DA:62,1
DA:63,1
DA:66,0
DA:71,2
DA:73,2
DA:75,2
DA:76,1
DA:79,1
DA:81,1
DA:82,1
DA:85,0
DA:91,2
DA:93,2
DA:95,2
DA:96,1
DA:100,1
DA:102,1
DA:103,1
DA:106,0
LF:39
LH:33
BRDA:42,0,0,1
BRDA:42,0,1,1
BRDA:58,1,0,1
BRDA:58,1,1,1
BRDA:75,2,0,1
BRDA:75,2,1,1
BRDA:95,3,0,1
BRDA:95,3,1,1
BRF:8
BRH:8
end_of_record
TN:
SF:src\middleware\index.ts
FN:4,(anonymous_0)
FNF:1
FNH:1
FNDA:18,(anonymous_0)
DA:2,2
DA:4,2
DA:6,18
DA:7,18
DA:9,9
DA:13,9
LF:6
LH:6
BRDA:7,0,0,9
BRF:1
BRH:1
end_of_record
TN:
SF:src\models\Product.model.ts
FNF:0
FNH:0
DA:2,2
DA:8,2
DA:12,2
DA:17,2
DA:23,2
DA:26,2
LF:6
LH:6
BRF:0
BRH:0
end_of_record
